<?xml version='1.0' encoding='UTF-8'?>
<testsuite hostname="Gustavos-MacBook-Pro.local" name="example.HelloSpec" tests="1" errors="0" failures="0" skipped="0" time="8907.136" timestamp="2019-06-11T16:22:18">
                     <properties>
      <property name="jline.esc.timeout" value="0"/><property name="jna.platform.library.path" value="/usr/lib:/usr/lib"/><property name="java.runtime.name" value="OpenJDK Runtime Environment"/><property name="sun.boot.library.path" value="/Users/lagrodrigu/.sdkman/candidates/java/8.0.212-zulu/jre/lib"/><property name="java.vm.version" value="25.212-b04"/><property name="gopherProxySet" value="false"/><property name="java.vm.vendor" value="Azul Systems, Inc."/><property name="java.vendor.url" value="http://www.azulsystems.com/"/><property name="path.separator" value=":"/><property name="jna.loaded" value="true"/><property name="java.vm.name" value="OpenJDK 64-Bit Server VM"/><property name="file.encoding.pkg" value="sun.io"/><property name="user.country" value="BR"/><property name="sun.java.launcher" value="SUN_STANDARD"/><property name="sun.os.patch.level" value="unknown"/><property name="jna.nosys" value="true"/><property name="java.vm.specification.name" value="Java Virtual Machine Specification"/><property name="user.dir" value="/Users/lagrodrigu/gatlingproject"/><property name="java.runtime.version" value="1.8.0_212-b04"/><property name="java.awt.graphicsenv" value="sun.awt.CGraphicsEnvironment"/><property name="java.endorsed.dirs" value="/Users/lagrodrigu/.sdkman/candidates/java/8.0.212-zulu/jre/lib/endorsed"/><property name="os.arch" value="x86_64"/><property name="java.io.tmpdir" value="/var/folders/d3/rfmkkxs10gd5rnr7cqj9x4h40000gn/T/"/><property name="line.separator" value="
"/><property name="java.vm.specification.vendor" value="Oracle Corporation"/><property name="os.name" value="Mac OS X"/><property name="sun.jnu.encoding" value="UTF-8"/><property name="jnidispatch.path" value="/var/folders/d3/rfmkkxs10gd5rnr7cqj9x4h40000gn/T/jna-1512685018/jna4411500689379990188.tmp"/><property name="java.library.path" value="/Users/lagrodrigu/Library/Java/Extensions:/Library/Java/Extensions:/Network/Library/Java/Extensions:/System/Library/Java/Extensions:/usr/lib/java:."/><property name="java.specification.name" value="Java Platform API Specification"/><property name="java.class.version" value="52.0"/><property name="sun.management.compiler" value="HotSpot 64-Bit Tiered Compilers"/><property name="os.version" value="10.14.4"/><property name="http.nonProxyHosts" value="local|*.local|169.254/16|*.169.254/16"/><property name="user.home" value="/Users/lagrodrigu"/><property name="user.timezone" value="America/Recife"/><property name="java.awt.printerjob" value="sun.lwawt.macosx.CPrinterJob"/><property name="file.encoding" value="UTF-8"/><property name="java.specification.version" value="1.8"/><property name="java.class.path" value="/Users/lagrodrigu/.sdkman/candidates/sbt/current/bin/sbt-launch.jar"/><property name="user.name" value="lagrodrigu"/><property name="jline.shutdownhook" value="false"/><property name="java.vm.specification.version" value="1.8"/><property name="sun.java.command" value="/Users/lagrodrigu/.sdkman/candidates/sbt/current/bin/sbt-launch.jar gatling:test"/><property name="java.home" value="/Users/lagrodrigu/.sdkman/candidates/java/8.0.212-zulu/jre"/><property name="sun.arch.data.model" value="64"/><property name="user.language" value="en"/><property name="java.specification.vendor" value="Oracle Corporation"/><property name="awt.toolkit" value="sun.lwawt.macosx.LWCToolkit"/><property name="java.vm.info" value="mixed mode"/><property name="java.version" value="1.8.0_212"/><property name="java.ext.dirs" value="/Users/lagrodrigu/Library/Java/Extensions:/Users/lagrodrigu/.sdkman/candidates/java/8.0.212-zulu/jre/lib/ext:/Library/Java/Extensions:/Network/Library/Java/Extensions:/System/Library/Java/Extensions:/usr/lib/java"/><property name="sun.boot.class.path" value="/Users/lagrodrigu/.sdkman/candidates/java/8.0.212-zulu/jre/lib/resources.jar:/Users/lagrodrigu/.sdkman/candidates/java/8.0.212-zulu/jre/lib/rt.jar:/Users/lagrodrigu/.sdkman/candidates/java/8.0.212-zulu/jre/lib/sunrsasign.jar:/Users/lagrodrigu/.sdkman/candidates/java/8.0.212-zulu/jre/lib/jsse.jar:/Users/lagrodrigu/.sdkman/candidates/java/8.0.212-zulu/jre/lib/jce.jar:/Users/lagrodrigu/.sdkman/candidates/java/8.0.212-zulu/jre/lib/charsets.jar:/Users/lagrodrigu/.sdkman/candidates/java/8.0.212-zulu/jre/lib/jfr.jar:/Users/lagrodrigu/.sdkman/candidates/java/8.0.212-zulu/jre/classes"/><property name="java.vendor" value="Azul Systems, Inc."/><property name="file.separator" value="/"/><property name="java.vendor.url.bug" value="http://www.azulsystems.com/support/"/><property name="sun.io.unicode.encoding" value="UnicodeBig"/><property name="sun.cpu.endian" value="little"/><property name="socksNonProxyHosts" value="local|*.local|169.254/16|*.169.254/16"/><property name="ftp.nonProxyHosts" value="local|*.local|169.254/16|*.169.254/16"/><property name="sun.cpu.isalist" value=""/>
    </properties>
                     <testcase classname="example.HelloSpec" name="HelloSpec" time="8907.136">
                                                 
                                               </testcase>
                     <system-out><![CDATA[]]></system-out>
                     <system-err><![CDATA[]]></system-err>
                   </testsuite>